<?xml version="1.0" encoding="UTF-8"?>
<testng-results ignored="0" total="1" passed="1" failed="0" skipped="0">
  <reporter-output>
  </reporter-output>
  <suite started-at="2024-01-06T19:31:26 IST" name="Default suite" finished-at="2024-01-06T19:31:32 IST" duration-ms="5678">
    <groups>
    </groups>
    <test started-at="2024-01-06T19:31:26 IST" name="Default test" finished-at="2024-01-06T19:31:32 IST" duration-ms="5678">
      <class name="saad.ExtendReports.ExtendReportDemo">
        <test-method is-config="true" signature="config()[pri:0, instance:saad.ExtendReports.ExtendReportDemo@5c33f1a9]" started-at="2024-01-06T19:31:26 IST" name="config" finished-at="2024-01-06T19:31:26 IST" duration-ms="353" status="PASS">
          <reporter-output>
          </reporter-output>
        </test-method> <!-- config -->
        <test-method signature="initialDemo()[pri:0, instance:saad.ExtendReports.ExtendReportDemo@5c33f1a9]" started-at="2024-01-06T19:31:26 IST" name="initialDemo" finished-at="2024-01-06T19:31:32 IST" duration-ms="5270" status="PASS">
          <reporter-output>
          </reporter-output>
        </test-method> <!-- initialDemo -->
      </class> <!-- saad.ExtendReports.ExtendReportDemo -->
    </test> <!-- Default test -->
  </suite> <!-- Default suite -->
</testng-results>
